  Game.cpp
c:\users\c00217019\desktop\gameplay-programming-i-lab-14\sfmlopengl\game.cpp(418): warning C4996: 'sf::Text::setColor': was declared deprecated
  c:\sfml-2.4.2\include\sfml\graphics\text.hpp(177): note: see declaration of 'sf::Text::setColor'
  SFMLOpenGL.vcxproj -> C:\Users\c00217019\Desktop\gameplay-programming-i-lab-14\Debug\SFMLOpenGL.exe
  SFMLOpenGL.vcxproj -> C:\Users\c00217019\Desktop\gameplay-programming-i-lab-14\Debug\SFMLOpenGL.pdb (Partial PDB)
  C:\SFML-2.4.2\bin\openal32.dll
  C:\SFML-2.4.2\bin\sfml-audio-2.dll
  C:\SFML-2.4.2\bin\sfml-audio-d-2.dll
  C:\SFML-2.4.2\bin\sfml-graphics-2.dll
  C:\SFML-2.4.2\bin\sfml-graphics-d-2.dll
  C:\SFML-2.4.2\bin\sfml-network-2.dll
  C:\SFML-2.4.2\bin\sfml-network-d-2.dll
  C:\SFML-2.4.2\bin\sfml-system-2.dll
  C:\SFML-2.4.2\bin\sfml-system-d-2.dll
  C:\SFML-2.4.2\bin\sfml-window-2.dll
  C:\SFML-2.4.2\bin\sfml-window-d-2.dll
  11 File(s) copied
  C:\glew-2.0.0\bin\Release\Win32\glew32.dll
  C:\glew-2.0.0\bin\Release\Win32\glewinfo.exe
  C:\glew-2.0.0\bin\Release\Win32\visualinfo.exe
  3 File(s) copied
